<?xml version="1.0" encoding="UTF-8"?>
<!-- Generated by org.testng.reporters.JUnitXMLReporter -->
<testsuite ignored="0" hostname="DIVYA" failures="1" tests="1" name="TestCartTest(failed)" time="41.709" errors="0" timestamp="2023-04-24T18:21:19 IST">
  <testcase classname="testCases.TC_002_LoginTest" name="test_Login" time="19.236">
    <failure type="java.lang.AssertionError" message="Invalid Login data expected [true] but found [false]">
      <![CDATA[java.lang.AssertionError: Invalid Login data expected [true] but found [false]
at testCases.TC_002_LoginTest.test_Login(TC_002_LoginTest.java:37)
at java.base/java.util.ArrayList.forEach(ArrayList.java:1511)
... Removed 32 stack frames]]>
    </failure>
  </testcase> <!-- test_Login -->
</testsuite> <!-- TestCartTest(failed) -->
