<?xml version="1.0" encoding="UTF-8"?>
<!-- Generated by org.testng.reporters.JUnitXMLReporter -->
<testsuite ignored="0" hostname="DIVYA" failures="1" tests="1" name="TestCartTest" time="51.204" errors="0" timestamp="2023-04-25T12:00:19 IST">
  <testcase classname="testCases.TC_002_LoginTest" name="test_Login" time="14.407">
    <failure type="java.lang.AssertionError" message="expected [true] but found [false]">
      <![CDATA[java.lang.AssertionError: expected [true] but found [false]
at testCases.TC_002_LoginTest.test_Login(TC_002_LoginTest.java:38)
at java.base/java.util.ArrayList.forEach(ArrayList.java:1541)
... Removed 38 stack frames]]>
    </failure>
  </testcase> <!-- test_Login -->
</testsuite> <!-- TestCartTest -->
